<?xml version="1.0" encoding="UTF-8" ?>
<testsuite tests="5" failures="0" name="com.jcn.weatherapp.businesslogic.CurrentWeatherDataTest" time="0.437" errors="0" skipped="0">
  <properties>
[...]
</properties>
  <testcase classname="com.jcn.weatherapp.businesslogic.CurrentWeatherDataTest" name="getCurrentWeatherShouldInvokeCurrentWeatherByCity" time="0"/>
  <testcase classname="com.jcn.weatherapp.businesslogic.CurrentWeatherDataTest" name="[0] Ansbach (getCurrentWeatherForCityShouldReturnStatusOK)" time="0.203"/>
  <testcase classname="com.jcn.weatherapp.businesslogic.CurrentWeatherDataTest" name="[1] London (getCurrentWeatherForCityShouldReturnStatusOK)" time="0.078"/>
  <testcase classname="com.jcn.weatherapp.businesslogic.CurrentWeatherDataTest" name="[2] Barcelona (getCurrentWeatherForCityShouldReturnStatusOK)" time="0.062"/>
  <testcase classname="com.jcn.weatherapp.businesslogic.CurrentWeatherDataTest" name="[3] New York (getCurrentWeatherForCityShouldReturnStatusOK)" time="0.094"/>
</testsuite>